{"logTime": "0227/065743", "correlationVector":"85E55xv4Yzc83Vxrape0Ta.1","action":"SyncServerConnectionManagerRequest", "result":"SYNC_SERVER_OK", "context":{"environment":"Prod_eastus2_prod-s01-050-nam-eastus2", "migrationStage":"NotStarted", "server":"akswtt111000030"}}
{"logTime": "0227/065743", "correlationVector":"85E55xv4Yzc83Vxrape0Ta.2","action":"ProcessGetUpdates", "result":"Done", "context":{"dataType":"Encryption Keys", "deleted":"0", "process_failed_to_decrypt":"0", "process_pending_decryption":"0", "process_success":"1", "total":"1"}}
{"logTime": "0227/065743", "correlationVector":"A0ktrv6aphTCxxAjc5R6AV","action":"SyncServerConnectionManagerRequest", "result":"SYNC_SERVER_OK", "context":{"environment":"", "migrationStage":"", "server":""}}
{"logTime": "0227/065743", "correlationVector":"A0ktrv6aphTCxxAjc5R6AV.0","action":"EncryptionKeysFetcher.DownloadKeys:", "result":"Success", "context":Key count: 10, Last key timestamp: 2025-12-27T04:35:58Z}
{"logTime": "0227/065743", "correlationVector":"A0ktrv6aphTCxxAjc5R6AV.1","action":"EncryptionKeysManager::SetEncryptionKeys:", "result":"Success", "context":Key names[10]:[EWI/hth1N+0Hkq3A1jJkqQtoMfpX5qk+luSdUke+qJAn/VeRSvKRzEkplK+WUQDQdxV0yjOv4UskIqQNBAIujg==][ea5hs/r0HN7dGViYij2K40Cpn3gMryD1JeSXxEbIot86meExK16gt/AVQGgLrIKT4cWJUXXJlOykuUWqDn/S7w==][fKrZ1ezY+1jCFjjWARieKyS00fYQoFd1+V0/k4bcghcfKxMQ52GTnc1pNHf2SIObjgNO+Wuzn0AMFKb5iVhi3w==][MNOKW3WsFKi5y6a81PDD5iaOi8z15no3zv9zZA/gXt39umvsnn7jL0xVHRQOSa+k96OE+LGML0L5q/CR3upDTg==][ODeX1xA0+hLvpSFzKvi6z6Z+qlvzsgMDmCOMJy65yHpHEBFbhhnXy/8DmdUFEAn9676kUJuD/50piPo+ENYiMg==][XBuir9qjkQNe7IXfDcdJ/SAnouQxu6gBbl88tUJMzpFPwOl3vXzbzhL7MWsynVNde/jVytOZYMDMrCYnEeJxog==][W4P2g8e4mAvscD6q7bVoSQLAzQWGtyjC3rXESRTyL3PbWLsL8s9+Az97dyNYWPGurRPmb/1sYXbTioJdXlIZrQ==][IdZGXBbWw9vFAi1zxqsIls934Jw+CALnncynQTBFSC26dHS4sb5UbesMjUFkg//NIMvtdoMXuooj9RmIlX7/Bw==][8PsoejIrqroeKrTIIGrdAmqYks4XcgO2c9lVs594CsCjTKSfF6YgAWc7Ts/4GrVlWtU8yonfTsoTTG6b+WcSIA==][DrV6lMCv+m6W4hFN/ZXNK7WO7WdlEALVDLOHxJSKRqPDakhavbuknOlPVKm1DSD6CFd/wzAFWXaq18rjZS7pdw==]}
{"logTime": "0227/065743", "correlationVector":"A0ktrv6aphTCxxAjc5R6AV.2","action":"EncryptionKeysManager::SetEncryptionKeysWithTimestamps:", "result":"Success", "context":Key timestamps[10]:[2021-10-04T23:06:42Z][2022-04-04T15:56:38Z][2022-10-10T05:09:27Z][2023-04-09T04:13:14Z][2023-10-14T19:01:14Z][2024-04-12T04:25:46Z][2024-10-09T18:29:35Z][2024-12-31T08:26:45Z][2025-06-30T04:05:20Z][2025-12-27T04:35:58Z]}
{"logTime": "0227/065743", "correlationVector":"85E55xv4Yzc83Vxrape0Ta","action":"Initial GetUpdates", "result":"", "context":Reason: NEW_CLIENT. cV=85E55xv4Yzc83Vxrape0Ta}
{"logTime": "0227/065743", "correlationVector":"85E55xv4Yzc83Vxrape0Ta.3","action":"GetUpdates Response", "result":"Success", "context":Received 1 update(s). cV=85E55xv4Yzc83Vxrape0Ta.0;server=akswtt111000030;cloudType=Consumer;environment=Prod_eastus2_prod-s01-050-nam-eastus2;migrationStage=NotStarted}
{"logTime": "0227/065743", "correlationVector":"jJML5T0cKbCmd7c8zwNW/o","action":"Initial GetUpdates", "result":"", "context":Reason: NEWLY_SUPPORTED_DATATYPE. cV=jJML5T0cKbCmd7c8zwNW/o}
{"logTime": "0227/065743", "correlationVector":"jJML5T0cKbCmd7c8zwNW/o.1","action":"SyncServerConnectionManagerRequest", "result":"SYNC_SERVER_OK", "context":{"environment":"Prod_eastus2_prod-s01-050-nam-eastus2", "migrationStage":"NotStarted", "server":"akswtt11100002k"}}
{"logTime": "0227/065743", "correlationVector":"jJML5T0cKbCmd7c8zwNW/o.2","action":"ProcessGetUpdates", "result":"Done", "context":{"dataType":"Preferences", "deleted":"0", "process_failed_to_decrypt":"0", "process_pending_decryption":"0", "process_success":"70", "total":"70"}}
{"logTime": "0227/065743", "correlationVector":"jJML5T0cKbCmd7c8zwNW/o.3","action":"ProcessGetUpdates", "result":"Done", "context":{"dataType":"Passwords", "deleted":"0", "process_failed_to_decrypt":"0", "process_pending_decryption":"0", "process_success":"4", "total":"4"}}
{"logTime": "0227/065743", "correlationVector":"jJML5T0cKbCmd7c8zwNW/o.4","action":"ProcessGetUpdates", "result":"Done", "context":{"dataType":"Device Info", "deleted":"0", "process_failed_to_decrypt":"0", "process_pending_decryption":"0", "process_success":"11", "total":"11"}}
{"logTime": "0227/065743", "correlationVector":"jJML5T0cKbCmd7c8zwNW/o.5","action":"GetUpdates Response", "result":"Success", "context":Received 85 update(s). cV=jJML5T0cKbCmd7c8zwNW/o.0;server=akswtt11100002k;cloudType=Consumer;environment=Prod_eastus2_prod-s01-050-nam-eastus2;migrationStage=NotStarted}
{"logTime": "0227/065743", "correlationVector":"C2pb73hnFgTntPr13zWOu6","action":"Initial GetUpdates", "result":"", "context":Reason: NEWLY_SUPPORTED_DATATYPE. cV=C2pb73hnFgTntPr13zWOu6}
{"logTime": "0227/065744", "correlationVector":"C2pb73hnFgTntPr13zWOu6.1","action":"SyncServerConnectionManagerRequest", "result":"SYNC_SERVER_OK", "context":{"environment":"Prod_eastus2_prod-s01-050-nam-eastus2", "migrationStage":"NotStarted", "server":"akswtt111000030"}}
{"logTime": "0227/065744", "correlationVector":"C2pb73hnFgTntPr13zWOu6.2","action":"ProcessGetUpdates", "result":"Done", "context":{"dataType":"Bookmarks", "deleted":"1", "process_failed_to_decrypt":"0", "process_pending_decryption":"0", "process_success":"9", "total":"9"}}
{"logTime": "0227/065744", "correlationVector":"C2pb73hnFgTntPr13zWOu6.3","action":"GetUpdates Response", "result":"Success", "context":Received 9 update(s). cV=C2pb73hnFgTntPr13zWOu6.0;server=akswtt111000030;cloudType=Consumer;environment=Prod_eastus2_prod-s01-050-nam-eastus2;migrationStage=NotStarted}
{"logTime": "0227/065744", "correlationVector":"IHK3MsfefyiiIciHYsKGrw","action":"Initial GetUpdates", "result":"", "context":Reason: NEWLY_SUPPORTED_DATATYPE. cV=IHK3MsfefyiiIciHYsKGrw}
{"logTime": "0227/065744", "correlationVector":"IHK3MsfefyiiIciHYsKGrw.1","action":"SyncServerConnectionManagerRequest", "result":"SYNC_SERVER_OK", "context":{"environment":"Prod_eastus2_prod-s01-050-nam-eastus2", "migrationStage":"NotStarted", "server":"akswtt111000035"}}
{"logTime": "0227/065744", "correlationVector":"IHK3MsfefyiiIciHYsKGrw.2","action":"ProcessGetUpdates", "result":"Done", "context":{"dataType":"Autofill Profiles", "deleted":"1", "process_failed_to_decrypt":"0", "process_pending_decryption":"0", "process_success":"3", "total":"3"}}
{"logTime": "0227/065744", "correlationVector":"IHK3MsfefyiiIciHYsKGrw.3","action":"ProcessGetUpdates", "result":"Done", "context":{"dataType":"Autofill", "deleted":"0", "process_failed_to_decrypt":"0", "process_pending_decryption":"0", "process_success":"51", "total":"51"}}
{"logTime": "0227/065744", "correlationVector":"IHK3MsfefyiiIciHYsKGrw.4","action":"ProcessGetUpdates", "result":"Done", "context":{"dataType":"Sessions", "deleted":"185", "process_failed_to_decrypt":"0", "process_pending_decryption":"0", "process_success":"185", "total":"185"}}
{"logTime": "0227/065744", "correlationVector":"IHK3MsfefyiiIciHYsKGrw.5","action":"ProcessGetUpdates", "result":"Done", "context":{"dataType":"Edge Hub App Usage", "deleted":"3", "process_failed_to_decrypt":"0", "process_pending_decryption":"0", "process_success":"11", "total":"11"}}
{"logTime": "0227/065744", "correlationVector":"IHK3MsfefyiiIciHYsKGrw.6","action":"GetUpdates Response", "result":"Success", "context":Received 250 update(s). cV=IHK3MsfefyiiIciHYsKGrw.0;server=akswtt111000035;cloudType=Consumer;environment=Prod_eastus2_prod-s01-050-nam-eastus2;migrationStage=NotStarted Some updates remain.}
{"logTime": "0227/065744", "correlationVector":"8y9sYZhEBe9MtvFI0INutp","action":"Initial GetUpdates", "result":"", "context":Reason: NEWLY_SUPPORTED_DATATYPE. cV=8y9sYZhEBe9MtvFI0INutp}
{"logTime": "0227/065744", "correlationVector":"8y9sYZhEBe9MtvFI0INutp.1","action":"SyncServerConnectionManagerRequest", "result":"SYNC_SERVER_OK", "context":{"environment":"Prod_eastus2_prod-s01-050-nam-eastus2", "migrationStage":"NotStarted", "server":"akswtt11100000g"}}
{"logTime": "0227/065744", "correlationVector":"8y9sYZhEBe9MtvFI0INutp.2","action":"ProcessGetUpdates", "result":"Done", "context":{"dataType":"Autofill Profiles", "deleted":"5", "process_failed_to_decrypt":"0", "process_pending_decryption":"0", "process_success":"5", "total":"5"}}
{"logTime": "0227/065744", "correlationVector":"8y9sYZhEBe9MtvFI0INutp.3","action":"ProcessGetUpdates", "result":"Done", "context":{"dataType":"Autofill", "deleted":"0", "process_failed_to_decrypt":"0", "process_pending_decryption":"0", "process_success":"8", "total":"8"}}
{"logTime": "0227/065744", "correlationVector":"8y9sYZhEBe9MtvFI0INutp.4","action":"ProcessGetUpdates", "result":"Done", "context":{"dataType":"Sessions", "deleted":"25", "process_failed_to_decrypt":"0", "process_pending_decryption":"0", "process_success":"36", "total":"36"}}
{"logTime": "0227/065744", "correlationVector":"8y9sYZhEBe9MtvFI0INutp.5","action":"ProcessGetUpdates", "result":"Done", "context":{"dataType":"Edge Hub App Usage", "deleted":"0", "process_failed_to_decrypt":"0", "process_pending_decryption":"0", "process_success":"4", "total":"4"}}
{"logTime": "0227/065744", "correlationVector":"8y9sYZhEBe9MtvFI0INutp.6","action":"GetUpdates Response", "result":"Success", "context":Received 53 update(s). cV=8y9sYZhEBe9MtvFI0INutp.0;server=akswtt11100000g;cloudType=Consumer;environment=Prod_eastus2_prod-s01-050-nam-eastus2;migrationStage=NotStarted}
{"logTime": "0227/065744", "correlationVector":"mdbwwTWqIPIZPTQh/GElED","action":"Initial GetUpdates", "result":"", "context":Reason: NEWLY_SUPPORTED_DATATYPE. cV=mdbwwTWqIPIZPTQh/GElED}
{"logTime": "0227/065745", "correlationVector":"mdbwwTWqIPIZPTQh/GElED.1","action":"SyncServerConnectionManagerRequest", "result":"SYNC_SERVER_OK", "context":{"environment":"Prod_eastus2_prod-s01-050-nam-eastus2", "migrationStage":"NotStarted", "server":"akswtt11100000g"}}
{"logTime": "0227/065745", "correlationVector":"mdbwwTWqIPIZPTQh/GElED.2","action":"ProcessGetUpdates", "result":"Done", "context":{"dataType":"History", "deleted":"0", "process_failed_to_decrypt":"0", "process_pending_decryption":"0", "process_success":"250", "total":"250"}}
{"logTime": "0227/065745", "correlationVector":"mdbwwTWqIPIZPTQh/GElED.3","action":"GetUpdates Response", "result":"Success", "context":Received 250 update(s). cV=mdbwwTWqIPIZPTQh/GElED.0;server=akswtt11100000g;cloudType=Consumer;environment=Prod_eastus2_prod-s01-050-nam-eastus2;migrationStage=NotStarted Some updates remain.}
{"logTime": "0227/065745", "correlationVector":"JccRwEf94Te8MdoQQ9BYTF","action":"Initial GetUpdates", "result":"", "context":Reason: NEWLY_SUPPORTED_DATATYPE. cV=JccRwEf94Te8MdoQQ9BYTF}
{"logTime": "0227/065745", "correlationVector":"JccRwEf94Te8MdoQQ9BYTF.1","action":"SyncServerConnectionManagerRequest", "result":"SYNC_SERVER_OK", "context":{"environment":"Prod_eastus2_prod-s01-050-nam-eastus2", "migrationStage":"NotStarted", "server":"akswtt111000039"}}
{"logTime": "0227/065745", "correlationVector":"JccRwEf94Te8MdoQQ9BYTF.2","action":"ProcessGetUpdates", "result":"Done", "context":{"dataType":"History", "deleted":"0", "process_failed_to_decrypt":"0", "process_pending_decryption":"0", "process_success":"250", "total":"250"}}
{"logTime": "0227/065745", "correlationVector":"JccRwEf94Te8MdoQQ9BYTF.3","action":"GetUpdates Response", "result":"Success", "context":Received 250 update(s). cV=JccRwEf94Te8MdoQQ9BYTF.0;server=akswtt111000039;cloudType=Consumer;environment=Prod_eastus2_prod-s01-050-nam-eastus2;migrationStage=NotStarted Some updates remain.}
{"logTime": "0227/065745", "correlationVector":"zLV+ZNmE7lQOpZZP6HAm5k","action":"Initial GetUpdates", "result":"", "context":Reason: NEWLY_SUPPORTED_DATATYPE. cV=zLV+ZNmE7lQOpZZP6HAm5k}
{"logTime": "0227/065746", "correlationVector":"zLV+ZNmE7lQOpZZP6HAm5k.1","action":"SyncServerConnectionManagerRequest", "result":"SYNC_SERVER_OK", "context":{"environment":"Prod_eastus2_prod-s01-050-nam-eastus2", "migrationStage":"NotStarted", "server":"akswtt111000007"}}
{"logTime": "0227/065746", "correlationVector":"zLV+ZNmE7lQOpZZP6HAm5k.2","action":"ProcessGetUpdates", "result":"Done", "context":{"dataType":"History", "deleted":"0", "process_failed_to_decrypt":"0", "process_pending_decryption":"0", "process_success":"250", "total":"250"}}
{"logTime": "0227/065746", "correlationVector":"zLV+ZNmE7lQOpZZP6HAm5k.3","action":"GetUpdates Response", "result":"Success", "context":Received 250 update(s). cV=zLV+ZNmE7lQOpZZP6HAm5k.0;server=akswtt111000007;cloudType=Consumer;environment=Prod_eastus2_prod-s01-050-nam-eastus2;migrationStage=NotStarted Some updates remain.}
{"logTime": "0227/065746", "correlationVector":"Q+IpS6Fhq7TKhWCuQcBqc/","action":"Initial GetUpdates", "result":"", "context":Reason: NEWLY_SUPPORTED_DATATYPE. cV=Q+IpS6Fhq7TKhWCuQcBqc/}
{"logTime": "0227/065746", "correlationVector":"Q+IpS6Fhq7TKhWCuQcBqc/.1","action":"SyncServerConnectionManagerRequest", "result":"SYNC_SERVER_OK", "context":{"environment":"Prod_eastus2_prod-s01-050-nam-eastus2", "migrationStage":"NotStarted", "server":"akswtt11100002y"}}
{"logTime": "0227/065746", "correlationVector":"Q+IpS6Fhq7TKhWCuQcBqc/.2","action":"ProcessGetUpdates", "result":"Done", "context":{"dataType":"History", "deleted":"0", "process_failed_to_decrypt":"0", "process_pending_decryption":"0", "process_success":"250", "total":"250"}}
{"logTime": "0227/065746", "correlationVector":"Q+IpS6Fhq7TKhWCuQcBqc/.3","action":"GetUpdates Response", "result":"Success", "context":Received 250 update(s). cV=Q+IpS6Fhq7TKhWCuQcBqc/.0;server=akswtt11100002y;cloudType=Consumer;environment=Prod_eastus2_prod-s01-050-nam-eastus2;migrationStage=NotStarted Some updates remain.}
{"logTime": "0227/065746", "correlationVector":"rugB9gwj6tlA7URpfgNCHu","action":"Initial GetUpdates", "result":"", "context":Reason: NEWLY_SUPPORTED_DATATYPE. cV=rugB9gwj6tlA7URpfgNCHu}
{"logTime": "0227/065746", "correlationVector":"rugB9gwj6tlA7URpfgNCHu.1","action":"SyncServerConnectionManagerRequest", "result":"SYNC_SERVER_OK", "context":{"environment":"Prod_eastus2_prod-s01-050-nam-eastus2", "migrationStage":"NotStarted", "server":"akswtt111000038"}}
{"logTime": "0227/065746", "correlationVector":"rugB9gwj6tlA7URpfgNCHu.2","action":"ProcessGetUpdates", "result":"Done", "context":{"dataType":"History", "deleted":"0", "process_failed_to_decrypt":"0", "process_pending_decryption":"0", "process_success":"250", "total":"250"}}
{"logTime": "0227/065746", "correlationVector":"rugB9gwj6tlA7URpfgNCHu.3","action":"GetUpdates Response", "result":"Success", "context":Received 250 update(s). cV=rugB9gwj6tlA7URpfgNCHu.0;server=akswtt111000038;cloudType=Consumer;environment=Prod_eastus2_prod-s01-050-nam-eastus2;migrationStage=NotStarted Some updates remain.}
{"logTime": "0227/065746", "correlationVector":"c4wbfJGEpSbas/GAGYxHTZ","action":"Initial GetUpdates", "result":"", "context":Reason: NEWLY_SUPPORTED_DATATYPE. cV=c4wbfJGEpSbas/GAGYxHTZ}
{"logTime": "0227/065747", "correlationVector":"c4wbfJGEpSbas/GAGYxHTZ.1","action":"SyncServerConnectionManagerRequest", "result":"SYNC_SERVER_OK", "context":{"environment":"Prod_eastus2_prod-s01-050-nam-eastus2", "migrationStage":"NotStarted", "server":"akswtt11100000l"}}
{"logTime": "0227/065747", "correlationVector":"c4wbfJGEpSbas/GAGYxHTZ.2","action":"ProcessGetUpdates", "result":"Done", "context":{"dataType":"History", "deleted":"0", "process_failed_to_decrypt":"0", "process_pending_decryption":"0", "process_success":"250", "total":"250"}}
{"logTime": "0227/065747", "correlationVector":"c4wbfJGEpSbas/GAGYxHTZ.3","action":"GetUpdates Response", "result":"Success", "context":Received 250 update(s). cV=c4wbfJGEpSbas/GAGYxHTZ.0;server=akswtt11100000l;cloudType=Consumer;environment=Prod_eastus2_prod-s01-050-nam-eastus2;migrationStage=NotStarted Some updates remain.}
{"logTime": "0227/065747", "correlationVector":"j6A9zQxeaN9etuLm+5n1yv","action":"Initial GetUpdates", "result":"", "context":Reason: NEWLY_SUPPORTED_DATATYPE. cV=j6A9zQxeaN9etuLm+5n1yv}
{"logTime": "0227/065747", "correlationVector":"j6A9zQxeaN9etuLm+5n1yv.1","action":"SyncServerConnectionManagerRequest", "result":"SYNC_SERVER_OK", "context":{"environment":"Prod_eastus2_prod-s01-050-nam-eastus2", "migrationStage":"NotStarted", "server":"akswtt111000017"}}
{"logTime": "0227/065747", "correlationVector":"j6A9zQxeaN9etuLm+5n1yv.2","action":"ProcessGetUpdates", "result":"Done", "context":{"dataType":"History", "deleted":"0", "process_failed_to_decrypt":"0", "process_pending_decryption":"0", "process_success":"250", "total":"250"}}
{"logTime": "0227/065747", "correlationVector":"j6A9zQxeaN9etuLm+5n1yv.3","action":"GetUpdates Response", "result":"Success", "context":Received 250 update(s). cV=j6A9zQxeaN9etuLm+5n1yv.0;server=akswtt111000017;cloudType=Consumer;environment=Prod_eastus2_prod-s01-050-nam-eastus2;migrationStage=NotStarted Some updates remain.}
{"logTime": "0227/065747", "correlationVector":"6yHSJuVAR+EwYpiHqFVa2H","action":"Initial GetUpdates", "result":"", "context":Reason: NEWLY_SUPPORTED_DATATYPE. cV=6yHSJuVAR+EwYpiHqFVa2H}
{"logTime": "0227/065747", "correlationVector":"6yHSJuVAR+EwYpiHqFVa2H.1","action":"SyncServerConnectionManagerRequest", "result":"SYNC_SERVER_OK", "context":{"environment":"Prod_eastus2_prod-s01-050-nam-eastus2", "migrationStage":"NotStarted", "server":"akswtt111000007"}}
{"logTime": "0227/065747", "correlationVector":"6yHSJuVAR+EwYpiHqFVa2H.2","action":"ProcessGetUpdates", "result":"Done", "context":{"dataType":"History", "deleted":"0", "process_failed_to_decrypt":"0", "process_pending_decryption":"0", "process_success":"114", "total":"114"}}
{"logTime": "0227/065747", "correlationVector":"6yHSJuVAR+EwYpiHqFVa2H.3","action":"GetUpdates Response", "result":"Success", "context":Received 114 update(s). cV=6yHSJuVAR+EwYpiHqFVa2H.0;server=akswtt111000007;cloudType=Consumer;environment=Prod_eastus2_prod-s01-050-nam-eastus2;migrationStage=NotStarted}
{"logTime": "0227/065748", "correlationVector":"10hzMRRolVIqnaSDlmo6PC","action":"Normal GetUpdate request", "result":"", "context":cV=10hzMRRolVIqnaSDlmo6PC
Nudged types: Preferences, Passwords, Sessions, Device Info, User Consents, Edge Hub App Usage
Refresh requested types: Bookmarks, Preferences, Passwords, Autofill Profiles, Autofill, Extensions, Sessions, Extension settings, History Delete Directives, Device Info, User Consents, Send Tab To Self, Web Apps, History, Saved Tab Group, WebAuthn Credentials, Collection, Edge E Drop, Edge Hub App Usage, Edge Wallet, Edge Workspace, Encryption Keys}
{"logTime": "0227/065748", "correlationVector":"10hzMRRolVIqnaSDlmo6PC.1","action":"SyncServerConnectionManagerRequest", "result":"SYNC_SERVER_OK", "context":{"environment":"Prod_eastus2_prod-s01-050-nam-eastus2", "migrationStage":"NotStarted", "server":"akswtt11100002n"}}
{"logTime": "0227/065748", "correlationVector":"10hzMRRolVIqnaSDlmo6PC.2","action":"GetUpdates Response", "result":"Success", "context":Received 0 update(s). cV=10hzMRRolVIqnaSDlmo6PC.0;server=akswtt11100002n;cloudType=Consumer;environment=Prod_eastus2_prod-s01-050-nam-eastus2;migrationStage=NotStarted}
{"logTime": "0227/065748", "correlationVector":"haEAv3DKeVozZbBC/xmUzf","action":"Commit Request", "result":"", "context":Item count: 8
Contributing types: Preferences, Passwords, Sessions, Device Info, User Consents, Edge Hub App Usage}
{"logTime": "0227/065748", "correlationVector":"haEAv3DKeVozZbBC/xmUzf.1","action":"SyncServerConnectionManagerRequest", "result":"SYNC_SERVER_OK", "context":{"environment":"Prod_eastus2_prod-s01-050-nam-eastus2", "migrationStage":"NotStarted", "server":"akswtt11100000l"}}
{"logTime": "0227/065748", "correlationVector":"haEAv3DKeVozZbBC/xmUzf.2","action":"Commit Response", "result":"Success", "context":Result: Success. cV=haEAv3DKeVozZbBC/xmUzf.0;server=akswtt11100000l;cloudType=Consumer;environment=Prod_eastus2_prod-s01-050-nam-eastus2;migrationStage=NotStarted}
{"logTime": "0227/065749", "correlationVector":"rAZZ844nH+PaSLB62RtLBH","action":"Commit Request", "result":"", "context":Item count: 2
Contributing types: Sessions, History}
{"logTime": "0227/065749", "correlationVector":"rAZZ844nH+PaSLB62RtLBH.1","action":"SyncServerConnectionManagerRequest", "result":"SYNC_SERVER_OK", "context":{"environment":"Prod_eastus2_prod-s01-050-nam-eastus2", "migrationStage":"NotStarted", "server":"akswtt111000038"}}
{"logTime": "0227/065749", "correlationVector":"rAZZ844nH+PaSLB62RtLBH.2","action":"Commit Response", "result":"Success", "context":Result: Success. cV=rAZZ844nH+PaSLB62RtLBH.0;server=akswtt111000038;cloudType=Consumer;environment=Prod_eastus2_prod-s01-050-nam-eastus2;migrationStage=NotStarted}
{"logTime": "0227/065841", "correlationVector":"wklqIrACRreUXg+WKXiagA","action":"Commit Request", "result":"", "context":Item count: 5
Contributing types: Passwords, Sessions, History}
{"logTime": "0227/065842", "correlationVector":"wklqIrACRreUXg+WKXiagA.1","action":"SyncServerConnectionManagerRequest", "result":"SYNC_SERVER_OK", "context":{"environment":"Prod_eastus2_prod-s01-050-nam-eastus2", "migrationStage":"NotStarted", "server":"akswtt111000017"}}
{"logTime": "0227/065842", "correlationVector":"wklqIrACRreUXg+WKXiagA.2","action":"Commit Response", "result":"Success", "context":Result: Success. cV=wklqIrACRreUXg+WKXiagA.0;server=akswtt111000017;cloudType=Consumer;environment=Prod_eastus2_prod-s01-050-nam-eastus2;migrationStage=NotStarted}
{"logTime": "0227/065936", "correlationVector":"OtqLReAQmIQQdthGwEHwC9.1","action":"SyncServerConnectionManagerRequest", "result":"SYNC_SERVER_OK", "context":{"environment":"Prod_eastus2_prod-s01-050-nam-eastus2", "migrationStage":"NotStarted", "server":"akswtt11100000a"}}
{"logTime": "0227/065936", "correlationVector":"OtqLReAQmIQQdthGwEHwC9.2","action":"ProcessGetUpdates", "result":"Done", "context":{"dataType":"Encryption Keys", "deleted":"0", "process_failed_to_decrypt":"0", "process_pending_decryption":"0", "process_success":"1", "total":"1"}}
{"logTime": "0227/065937", "correlationVector":"+JSDJSv6l4DxU5XniLBCo9","action":"SyncServerConnectionManagerRequest", "result":"SYNC_SERVER_ERROR", "context":{"environment":"", "error_type":"http_status_code", "error_value":"400", "migrationStage":"", "server":""}}
{"logTime": "0227/065937", "correlationVector":"OtqLReAQmIQQdthGwEHwC9","action":"Initial GetUpdates", "result":"", "context":Reason: NEW_CLIENT. cV=OtqLReAQmIQQdthGwEHwC9}
{"logTime": "0227/065937", "correlationVector":"OtqLReAQmIQQdthGwEHwC9.3","action":"GetUpdates Response", "result":"Success", "context":Received 1 update(s). cV=OtqLReAQmIQQdthGwEHwC9.0;server=akswtt11100000a;cloudType=Consumer;environment=Prod_eastus2_prod-s01-050-nam-eastus2;migrationStage=NotStarted}
{"logTime": "0227/065937", "correlationVector":"sHGvpXv1lqcSGccmLtQQ76","action":"Normal GetUpdate request", "result":"", "context":cV=sHGvpXv1lqcSGccmLtQQ76
Nudged types: Sessions, Device Info, History
Refresh requested types: Bookmarks, Preferences, Extensions, Sessions, Extension settings, History Delete Directives, Device Info, User Consents, Send Tab To Self, Web Apps, History, Saved Tab Group, WebAuthn Credentials, Collection, Edge E Drop, Edge Hub App Usage, Edge Wallet, Edge Workspace, Encryption Keys}
{"logTime": "0227/065937", "correlationVector":"sHGvpXv1lqcSGccmLtQQ76.1","action":"SyncServerConnectionManagerRequest", "result":"SYNC_SERVER_OK", "context":{"environment":"Prod_eastus2_prod-s01-050-nam-eastus2", "migrationStage":"NotStarted", "server":"akswtt11100003a"}}
{"logTime": "0227/065937", "correlationVector":"sHGvpXv1lqcSGccmLtQQ76.2","action":"ProcessGetUpdates", "result":"Done", "context":{"dataType":"Preferences", "deleted":"0", "process_failed_to_decrypt":"0", "process_pending_decryption":"0", "process_success":"1", "total":"1"}}
{"logTime": "0227/065937", "correlationVector":"sHGvpXv1lqcSGccmLtQQ76.3","action":"ProcessGetUpdates", "result":"Done", "context":{"dataType":"Sessions", "deleted":"0", "process_failed_to_decrypt":"0", "process_pending_decryption":"0", "process_success":"2", "total":"2"}}
{"logTime": "0227/065937", "correlationVector":"sHGvpXv1lqcSGccmLtQQ76.4","action":"ProcessGetUpdates", "result":"Done", "context":{"dataType":"Device Info", "deleted":"0", "process_failed_to_decrypt":"0", "process_pending_decryption":"0", "process_success":"1", "total":"1"}}
{"logTime": "0227/065937", "correlationVector":"sHGvpXv1lqcSGccmLtQQ76.5","action":"ProcessGetUpdates", "result":"Done", "context":{"dataType":"History", "deleted":"0", "process_failed_to_decrypt":"0", "process_pending_decryption":"0", "process_success":"3", "total":"3"}}
{"logTime": "0227/065937", "correlationVector":"sHGvpXv1lqcSGccmLtQQ76.6","action":"ProcessGetUpdates", "result":"Done", "context":{"dataType":"Edge Hub App Usage", "deleted":"0", "process_failed_to_decrypt":"0", "process_pending_decryption":"0", "process_success":"1", "total":"1"}}
{"logTime": "0227/065937", "correlationVector":"sHGvpXv1lqcSGccmLtQQ76.7","action":"GetUpdates Response", "result":"Success", "context":Received 8 update(s). cV=sHGvpXv1lqcSGccmLtQQ76.0;server=akswtt11100003a;cloudType=Consumer;environment=Prod_eastus2_prod-s01-050-nam-eastus2;migrationStage=NotStarted}
{"logTime": "0227/065937", "correlationVector":"0rPspiLLIQ6u1dW+c0HJPw","action":"Commit Request", "result":"", "context":Item count: 5
Contributing types: Sessions, Device Info, History}
{"logTime": "0227/065937", "correlationVector":"0rPspiLLIQ6u1dW+c0HJPw.1","action":"SyncServerConnectionManagerRequest", "result":"SYNC_SERVER_OK", "context":{"environment":"Prod_eastus2_prod-s01-050-nam-eastus2", "migrationStage":"NotStarted", "server":"akswtt11100000f"}}
{"logTime": "0227/065937", "correlationVector":"0rPspiLLIQ6u1dW+c0HJPw.3","action":"Commit.Sessions", "result":"Success", "context":{"id":"ce9d495e-8417-48ba-9356-e3bb295c9fc1", "isDeleted":"true", "size":"0", "version":"1772175535567"}}
{"logTime": "0227/065937", "correlationVector":"0rPspiLLIQ6u1dW+c0HJPw.2","action":"Commit Response", "result":"Success", "context":Result: Success. cV=0rPspiLLIQ6u1dW+c0HJPw.0;server=akswtt11100000f;cloudType=Consumer;environment=Prod_eastus2_prod-s01-050-nam-eastus2;migrationStage=NotStarted}
{"logTime": "0227/065937", "correlationVector":"rVnVNSswaIpwTqKkmQXGwQ","action":"SyncServerConnectionManagerRequest", "result":"SYNC_SERVER_ERROR", "context":{"environment":"", "error_type":"http_status_code", "error_value":"400", "migrationStage":"", "server":""}}
{"logTime": "0227/065938", "correlationVector":"Lbi4+cNXKxo5nvjtb2GHfi","action":"Normal GetUpdate request", "result":"", "context":cV=Lbi4+cNXKxo5nvjtb2GHfi
Nudged types: Sessions, Device Info, History
Refresh requested types: Encryption Keys}
{"logTime": "0227/065938", "correlationVector":"Lbi4+cNXKxo5nvjtb2GHfi.1","action":"SyncServerConnectionManagerRequest", "result":"SYNC_SERVER_OK", "context":{"environment":"Prod_eastus2_prod-s01-050-nam-eastus2", "migrationStage":"NotStarted", "server":"akswtt11100000a"}}
{"logTime": "0227/065938", "correlationVector":"Lbi4+cNXKxo5nvjtb2GHfi.2","action":"ProcessGetUpdates", "result":"Done", "context":{"dataType":"Sessions", "deleted":"1", "process_failed_to_decrypt":"0", "process_pending_decryption":"0", "process_success":"3", "total":"3"}}
{"logTime": "0227/065938", "correlationVector":"Lbi4+cNXKxo5nvjtb2GHfi.3","action":"ProcessGetUpdates", "result":"Done", "context":{"dataType":"Device Info", "deleted":"0", "process_failed_to_decrypt":"0", "process_pending_decryption":"0", "process_success":"1", "total":"1"}}
{"logTime": "0227/065938", "correlationVector":"Lbi4+cNXKxo5nvjtb2GHfi.4","action":"ProcessGetUpdates", "result":"Done", "context":{"dataType":"History", "deleted":"0", "process_failed_to_decrypt":"0", "process_pending_decryption":"0", "process_success":"1", "total":"1"}}
{"logTime": "0227/065938", "correlationVector":"Lbi4+cNXKxo5nvjtb2GHfi.5","action":"GetUpdates Response", "result":"Success", "context":Received 5 update(s). cV=Lbi4+cNXKxo5nvjtb2GHfi.0;server=akswtt11100000a;cloudType=Consumer;environment=Prod_eastus2_prod-s01-050-nam-eastus2;migrationStage=NotStarted}
{"logTime": "0227/065938", "correlationVector":"8tNFYv/kFWxOeVlC09Vigm","action":"DoCompareDataConsistency requsted types: ", "result":"Bookmarks, Preferences, Extensions, Extension settings, History Delete Directives, Send Tab To Self, Web Apps, History, Saved Tab Group, WebAuthn Credentials, Collection, Edge E Drop, Edge Wallet, Edge Workspace, Encryption Keys"}
{"logTime": "0227/065938", "correlationVector":"8tNFYv/kFWxOeVlC09Vigm.0","action":"CompareDataConsistency result: ", "result":"Compare result: Encryption Keys is consistent. local entities count is: 1 local entities hash is: Eqxooy6yQbazU3nQi/fdt9/kqow="}
{"logTime": "0227/065938", "correlationVector":"8tNFYv/kFWxOeVlC09Vigm.1","action":"CompareDataConsistency result: ", "result":"Compare result: Bookmarks is consistent. local entities count is: 2 local entities hash is: rD5yJdLqVPHF1BJN93kegOU2gtY="}
{"logTime": "0227/065938", "correlationVector":"8tNFYv/kFWxOeVlC09Vigm.2","action":"CompareDataConsistency result: ", "result":"Compare result: Preferences is consistent. local entities count is: 70 local entities hash is: 6NIqrQ54iv4lt/k3vu1A3mCyJV0="}
{"logTime": "0227/065938", "correlationVector":"8tNFYv/kFWxOeVlC09Vigm.3","action":"CompareDataConsistency result: ", "result":"Compare result: Extensions is consistent. local entities count is: 0 local entities hash is: "}
{"logTime": "0227/065938", "correlationVector":"8tNFYv/kFWxOeVlC09Vigm.4","action":"CompareDataConsistency result: ", "result":"Compare result: Extension settings is consistent. local entities count is: 0 local entities hash is: "}
{"logTime": "0227/065938", "correlationVector":"8tNFYv/kFWxOeVlC09Vigm.5","action":"CompareDataConsistency result: ", "result":"Compare result: History Delete Directives is consistent. local entities count is: 0 local entities hash is: "}
{"logTime": "0227/065938", "correlationVector":"8tNFYv/kFWxOeVlC09Vigm.6","action":"CompareDataConsistency result: ", "result":"Server did not send this Send Tab To Self local entities count is: 0 local entities hash is: "}
{"logTime": "0227/065938", "correlationVector":"8tNFYv/kFWxOeVlC09Vigm.7","action":"CompareDataConsistency result: ", "result":"Compare result: Web Apps is consistent. local entities count is: 0 local entities hash is: "}
{"logTime": "0227/065938", "correlationVector":"8tNFYv/kFWxOeVlC09Vigm.8","action":"CompareDataConsistency result: ", "result":"Server did not send this History local entities count is: 0 local entities hash is: "}
{"logTime": "0227/065938", "correlationVector":"8tNFYv/kFWxOeVlC09Vigm.9","action":"CompareDataConsistency result: ", "result":"Compare result: Saved Tab Group is consistent. local entities count is: 0 local entities hash is: "}
{"logTime": "0227/065938", "correlationVector":"8tNFYv/kFWxOeVlC09Vigm.10","action":"CompareDataConsistency result: ", "result":"Server did not send this WebAuthn Credentials local entities count is: 0 local entities hash is: "}
{"logTime": "0227/065938", "correlationVector":"8tNFYv/kFWxOeVlC09Vigm.11","action":"CompareDataConsistency result: ", "result":"Compare result: Collection is consistent. local entities count is: 0 local entities hash is: "}
{"logTime": "0227/065938", "correlationVector":"8tNFYv/kFWxOeVlC09Vigm.12","action":"CompareDataConsistency result: ", "result":"Compare result: Edge E Drop is consistent. local entities count is: 0 local entities hash is: "}
{"logTime": "0227/065938", "correlationVector":"8tNFYv/kFWxOeVlC09Vigm.13","action":"CompareDataConsistency result: ", "result":"Compare result: Edge Wallet is consistent. local entities count is: 0 local entities hash is: "}
{"logTime": "0227/065938", "correlationVector":"8tNFYv/kFWxOeVlC09Vigm.14","action":"CompareDataConsistency result: ", "result":"Server did not send this Edge Workspace local entities count is: 0 local entities hash is: "}
{"logTime": "0227/065938", "correlationVector":"8tNFYv/kFWxOeVlC09Vigm.15","action":"SyncServerConnectionManagerRequest", "result":"SYNC_SERVER_ERROR", "context":{"environment":"", "error_type":"http_status_code", "error_value":"400", "migrationStage":"", "server":""}}
{"logTime": "0227/065938", "correlationVector":"","action":"DIAGNOSTIC_REQUEST|v1/diagnosticData/Diagnostic.SendCheckResult()|SUCCESS", "result":""}
{"logTime": "0227/065940", "correlationVector":"KFVTSVSXZ4X+ONOa7RfGmI","action":"Normal GetUpdate request", "result":"", "context":cV=KFVTSVSXZ4X+ONOa7RfGmI
Refresh requested types: Encryption Keys}
{"logTime": "0227/065940", "correlationVector":"KFVTSVSXZ4X+ONOa7RfGmI.1","action":"SyncServerConnectionManagerRequest", "result":"SYNC_SERVER_OK", "context":{"environment":"Prod_eastus2_prod-s01-050-nam-eastus2", "migrationStage":"NotStarted", "server":"akswtt111000033"}}
{"logTime": "0227/065940", "correlationVector":"KFVTSVSXZ4X+ONOa7RfGmI.2","action":"GetUpdates Response", "result":"Success", "context":Received 0 update(s). cV=KFVTSVSXZ4X+ONOa7RfGmI.0;server=akswtt111000033;cloudType=Consumer;environment=Prod_eastus2_prod-s01-050-nam-eastus2;migrationStage=NotStarted}
{"logTime": "0227/065940", "correlationVector":"lsWj+WlQOWqVKB7NU8KPFi","action":"SyncServerConnectionManagerRequest", "result":"SYNC_SERVER_ERROR", "context":{"environment":"", "error_type":"http_status_code", "error_value":"400", "migrationStage":"", "server":""}}
{"logTime": "0227/065944", "correlationVector":"E4/56eULOwdMxbHV5ylUHg","action":"Normal GetUpdate request", "result":"", "context":cV=E4/56eULOwdMxbHV5ylUHg
Nudged types: Sessions, History
Refresh requested types: Encryption Keys}
{"logTime": "0227/065945", "correlationVector":"E4/56eULOwdMxbHV5ylUHg.1","action":"SyncServerConnectionManagerRequest", "result":"SYNC_SERVER_OK", "context":{"environment":"Prod_eastus2_prod-s01-050-nam-eastus2", "migrationStage":"NotStarted", "server":"akswtt11100000g"}}
{"logTime": "0227/065945", "correlationVector":"E4/56eULOwdMxbHV5ylUHg.2","action":"GetUpdates Response", "result":"Success", "context":Received 0 update(s). cV=E4/56eULOwdMxbHV5ylUHg.0;server=akswtt11100000g;cloudType=Consumer;environment=Prod_eastus2_prod-s01-050-nam-eastus2;migrationStage=NotStarted}
{"logTime": "0227/065945", "correlationVector":"fMY5IrvyVtfs4W2W2YNvcT","action":"Commit Request", "result":"", "context":Item count: 2
Contributing types: Sessions, History}
{"logTime": "0227/065945", "correlationVector":"fMY5IrvyVtfs4W2W2YNvcT.1","action":"SyncServerConnectionManagerRequest", "result":"SYNC_SERVER_OK", "context":{"environment":"Prod_eastus2_prod-s01-050-nam-eastus2", "migrationStage":"NotStarted", "server":"akswtt11100000a"}}
{"logTime": "0227/065945", "correlationVector":"fMY5IrvyVtfs4W2W2YNvcT.2","action":"Commit Response", "result":"Success", "context":Result: Success. cV=fMY5IrvyVtfs4W2W2YNvcT.0;server=akswtt11100000a;cloudType=Consumer;environment=Prod_eastus2_prod-s01-050-nam-eastus2;migrationStage=NotStarted}
{"logTime": "0227/065945", "correlationVector":"WYrCmht0VmYoFMGElQVulM","action":"SyncServerConnectionManagerRequest", "result":"SYNC_SERVER_ERROR", "context":{"environment":"", "error_type":"http_status_code", "error_value":"400", "migrationStage":"", "server":""}}
{"logTime": "0227/065953", "correlationVector":"E/VbmJvm3NaKXSO01RndMV","action":"Normal GetUpdate request", "result":"", "context":cV=E/VbmJvm3NaKXSO01RndMV
Nudged types: Sessions, History
Refresh requested types: Encryption Keys}
{"logTime": "0227/065954", "correlationVector":"E/VbmJvm3NaKXSO01RndMV.1","action":"SyncServerConnectionManagerRequest", "result":"SYNC_SERVER_OK", "context":{"environment":"Prod_eastus2_prod-s01-050-nam-eastus2", "migrationStage":"NotStarted", "server":"akswtt11100000f"}}
{"logTime": "0227/065954", "correlationVector":"E/VbmJvm3NaKXSO01RndMV.2","action":"ProcessGetUpdates", "result":"Done", "context":{"dataType":"Sessions", "deleted":"0", "process_failed_to_decrypt":"0", "process_pending_decryption":"0", "process_success":"1", "total":"1"}}
{"logTime": "0227/065954", "correlationVector":"E/VbmJvm3NaKXSO01RndMV.3","action":"ProcessGetUpdates", "result":"Done", "context":{"dataType":"History", "deleted":"0", "process_failed_to_decrypt":"0", "process_pending_decryption":"0", "process_success":"1", "total":"1"}}
{"logTime": "0227/065954", "correlationVector":"E/VbmJvm3NaKXSO01RndMV.4","action":"GetUpdates Response", "result":"Success", "context":Received 2 update(s). cV=E/VbmJvm3NaKXSO01RndMV.0;server=akswtt11100000f;cloudType=Consumer;environment=Prod_eastus2_prod-s01-050-nam-eastus2;migrationStage=NotStarted}
{"logTime": "0227/065954", "correlationVector":"lIbUPn4/3m3A8m5N+3UJjM","action":"SyncServerConnectionManagerRequest", "result":"SYNC_SERVER_ERROR", "context":{"environment":"", "error_type":"http_status_code", "error_value":"400", "migrationStage":"", "server":""}}
{"logTime": "0227/070009", "correlationVector":"/zjbPTRp7m8eoHWvv/iDmv","action":"Normal GetUpdate request", "result":"", "context":cV=/zjbPTRp7m8eoHWvv/iDmv
Nudged types: Sessions, History
Refresh requested types: Encryption Keys}
{"logTime": "0227/070009", "correlationVector":"/zjbPTRp7m8eoHWvv/iDmv.1","action":"SyncServerConnectionManagerRequest", "result":"SYNC_SERVER_OK", "context":{"environment":"Prod_eastus2_prod-s01-050-nam-eastus2", "migrationStage":"NotStarted", "server":"akswtt11100000f"}}
{"logTime": "0227/070009", "correlationVector":"/zjbPTRp7m8eoHWvv/iDmv.2","action":"GetUpdates Response", "result":"Success", "context":Received 0 update(s). cV=/zjbPTRp7m8eoHWvv/iDmv.0;server=akswtt11100000f;cloudType=Consumer;environment=Prod_eastus2_prod-s01-050-nam-eastus2;migrationStage=NotStarted}
{"logTime": "0227/070009", "correlationVector":"6VBppL/N+PPecMavsVNJVB","action":"Commit Request", "result":"", "context":Item count: 3
Contributing types: Sessions, History}
{"logTime": "0227/070009", "correlationVector":"6VBppL/N+PPecMavsVNJVB.1","action":"SyncServerConnectionManagerRequest", "result":"SYNC_SERVER_OK", "context":{"environment":"Prod_eastus2_prod-s01-050-nam-eastus2", "migrationStage":"NotStarted", "server":"akswtt11100003a"}}
{"logTime": "0227/070009", "correlationVector":"6VBppL/N+PPecMavsVNJVB.2","action":"Commit Response", "result":"Success", "context":Result: Success. cV=6VBppL/N+PPecMavsVNJVB.0;server=akswtt11100003a;cloudType=Consumer;environment=Prod_eastus2_prod-s01-050-nam-eastus2;migrationStage=NotStarted}
{"logTime": "0227/070009", "correlationVector":"5bTmDHZ9TazYZ2x622YQnn","action":"SyncServerConnectionManagerRequest", "result":"SYNC_SERVER_ERROR", "context":{"environment":"", "error_type":"http_status_code", "error_value":"400", "migrationStage":"", "server":""}}
{"logTime": "0227/070037", "correlationVector":"fN9C45Y/12jecKXZoPUvNW","action":"Normal GetUpdate request", "result":"", "context":cV=fN9C45Y/12jecKXZoPUvNW
Nudged types: Sessions, History
Refresh requested types: Encryption Keys}
{"logTime": "0227/070037", "correlationVector":"fN9C45Y/12jecKXZoPUvNW.1","action":"SyncServerConnectionManagerRequest", "result":"SYNC_SERVER_OK", "context":{"environment":"Prod_eastus2_prod-s01-050-nam-eastus2", "migrationStage":"NotStarted", "server":"akswtt11100003a"}}
{"logTime": "0227/070037", "correlationVector":"fN9C45Y/12jecKXZoPUvNW.2","action":"ProcessGetUpdates", "result":"Done", "context":{"dataType":"Sessions", "deleted":"0", "process_failed_to_decrypt":"0", "process_pending_decryption":"0", "process_success":"1", "total":"1"}}
{"logTime": "0227/070037", "correlationVector":"fN9C45Y/12jecKXZoPUvNW.3","action":"ProcessGetUpdates", "result":"Done", "context":{"dataType":"History", "deleted":"0", "process_failed_to_decrypt":"0", "process_pending_decryption":"0", "process_success":"2", "total":"2"}}
{"logTime": "0227/070037", "correlationVector":"fN9C45Y/12jecKXZoPUvNW.4","action":"GetUpdates Response", "result":"Success", "context":Received 3 update(s). cV=fN9C45Y/12jecKXZoPUvNW.0;server=akswtt11100003a;cloudType=Consumer;environment=Prod_eastus2_prod-s01-050-nam-eastus2;migrationStage=NotStarted}
{"logTime": "0227/070037", "correlationVector":"MPb8clV6hTqlWw1ofsph9k","action":"Commit Request", "result":"", "context":Item count: 2
Contributing types: Sessions, History}
{"logTime": "0227/070037", "correlationVector":"MPb8clV6hTqlWw1ofsph9k.1","action":"SyncServerConnectionManagerRequest", "result":"SYNC_SERVER_OK", "context":{"environment":"Prod_eastus2_prod-s01-050-nam-eastus2", "migrationStage":"NotStarted", "server":"akswtt11100000f"}}
{"logTime": "0227/070037", "correlationVector":"MPb8clV6hTqlWw1ofsph9k.2","action":"Commit Response", "result":"Success", "context":Result: Success. cV=MPb8clV6hTqlWw1ofsph9k.0;server=akswtt11100000f;cloudType=Consumer;environment=Prod_eastus2_prod-s01-050-nam-eastus2;migrationStage=NotStarted}
{"logTime": "0227/070037", "correlationVector":"PZhZs2KmkGm+SvcNs7XIcP","action":"SyncServerConnectionManagerRequest", "result":"SYNC_SERVER_ERROR", "context":{"environment":"", "error_type":"http_status_code", "error_value":"400", "migrationStage":"", "server":""}}
{"logTime": "0227/070137", "correlationVector":"UeJA3hkhdYadNuoQtJeBxI","action":"Commit Request", "result":"", "context":Item count: 3
Contributing types: Sessions, History}
{"logTime": "0227/070138", "correlationVector":"UeJA3hkhdYadNuoQtJeBxI.1","action":"SyncServerConnectionManagerRequest", "result":"SYNC_SERVER_OK", "context":{"environment":"Prod_eastus2_prod-s01-050-nam-eastus2", "migrationStage":"NotStarted", "server":"akswtt11100002x"}}
{"logTime": "0227/070138", "correlationVector":"UeJA3hkhdYadNuoQtJeBxI.2","action":"Commit Response", "result":"Success", "context":Result: Success. cV=UeJA3hkhdYadNuoQtJeBxI.0;server=akswtt11100002x;cloudType=Consumer;environment=Prod_eastus2_prod-s01-050-nam-eastus2;migrationStage=NotStarted}
{"logTime": "0227/070139", "correlationVector":"VfrWAqIKkR3SudF2fXdPug","action":"Normal GetUpdate request", "result":"", "context":cV=VfrWAqIKkR3SudF2fXdPug
Refresh requested types: Encryption Keys}
{"logTime": "0227/070139", "correlationVector":"VfrWAqIKkR3SudF2fXdPug.1","action":"SyncServerConnectionManagerRequest", "result":"SYNC_SERVER_OK", "context":{"environment":"Prod_eastus2_prod-s01-050-nam-eastus2", "migrationStage":"NotStarted", "server":"akswtt11100003a"}}
{"logTime": "0227/070139", "correlationVector":"VfrWAqIKkR3SudF2fXdPug.2","action":"ProcessGetUpdates", "result":"Done", "context":{"dataType":"Sessions", "deleted":"0", "process_failed_to_decrypt":"0", "process_pending_decryption":"0", "process_success":"1", "total":"1"}}
{"logTime": "0227/070139", "correlationVector":"VfrWAqIKkR3SudF2fXdPug.3","action":"ProcessGetUpdates", "result":"Done", "context":{"dataType":"History", "deleted":"0", "process_failed_to_decrypt":"0", "process_pending_decryption":"0", "process_success":"2", "total":"2"}}
{"logTime": "0227/070139", "correlationVector":"VfrWAqIKkR3SudF2fXdPug.4","action":"GetUpdates Response", "result":"Success", "context":Received 3 update(s). cV=VfrWAqIKkR3SudF2fXdPug.0;server=akswtt11100003a;cloudType=Consumer;environment=Prod_eastus2_prod-s01-050-nam-eastus2;migrationStage=NotStarted}
{"logTime": "0227/070139", "correlationVector":"3C6VWnR5p9jz1N/3SB/KrW","action":"SyncServerConnectionManagerRequest", "result":"SYNC_SERVER_OK", "context":{"environment":"", "migrationStage":"", "server":""}}
{"logTime": "0227/070139", "correlationVector":"3C6VWnR5p9jz1N/3SB/KrW.0","action":"EncryptionKeysFetcher.DownloadKeys:", "result":"Success", "context":Key count: 10, Last key timestamp: 2025-12-27T04:35:58Z}
{"logTime": "0227/070139", "correlationVector":"3C6VWnR5p9jz1N/3SB/KrW.1","action":"EncryptionKeysManager::SetEncryptionKeys:", "result":"Success", "context":Key names[10]:[EWI/hth1N+0Hkq3A1jJkqQtoMfpX5qk+luSdUke+qJAn/VeRSvKRzEkplK+WUQDQdxV0yjOv4UskIqQNBAIujg==][ea5hs/r0HN7dGViYij2K40Cpn3gMryD1JeSXxEbIot86meExK16gt/AVQGgLrIKT4cWJUXXJlOykuUWqDn/S7w==][fKrZ1ezY+1jCFjjWARieKyS00fYQoFd1+V0/k4bcghcfKxMQ52GTnc1pNHf2SIObjgNO+Wuzn0AMFKb5iVhi3w==][MNOKW3WsFKi5y6a81PDD5iaOi8z15no3zv9zZA/gXt39umvsnn7jL0xVHRQOSa+k96OE+LGML0L5q/CR3upDTg==][ODeX1xA0+hLvpSFzKvi6z6Z+qlvzsgMDmCOMJy65yHpHEBFbhhnXy/8DmdUFEAn9676kUJuD/50piPo+ENYiMg==][XBuir9qjkQNe7IXfDcdJ/SAnouQxu6gBbl88tUJMzpFPwOl3vXzbzhL7MWsynVNde/jVytOZYMDMrCYnEeJxog==][W4P2g8e4mAvscD6q7bVoSQLAzQWGtyjC3rXESRTyL3PbWLsL8s9+Az97dyNYWPGurRPmb/1sYXbTioJdXlIZrQ==][IdZGXBbWw9vFAi1zxqsIls934Jw+CALnncynQTBFSC26dHS4sb5UbesMjUFkg//NIMvtdoMXuooj9RmIlX7/Bw==][8PsoejIrqroeKrTIIGrdAmqYks4XcgO2c9lVs594CsCjTKSfF6YgAWc7Ts/4GrVlWtU8yonfTsoTTG6b+WcSIA==][DrV6lMCv+m6W4hFN/ZXNK7WO7WdlEALVDLOHxJSKRqPDakhavbuknOlPVKm1DSD6CFd/wzAFWXaq18rjZS7pdw==]}
{"logTime": "0227/070139", "correlationVector":"3C6VWnR5p9jz1N/3SB/KrW.2","action":"EncryptionKeysManager::SetEncryptionKeysWithTimestamps:", "result":"Success", "context":Key timestamps[10]:[2021-10-04T23:06:42Z][2022-04-04T15:56:38Z][2022-10-10T05:09:27Z][2023-04-09T04:13:14Z][2023-10-14T19:01:14Z][2024-04-12T04:25:46Z][2024-10-09T18:29:35Z][2024-12-31T08:26:45Z][2025-06-30T04:05:20Z][2025-12-27T04:35:58Z]}
{"logTime": "0227/070139", "correlationVector":"9Y4u4ve8R1VrVBE2PKLRkc","action":"Initial GetUpdates", "result":"", "context":Reason: NEWLY_SUPPORTED_DATATYPE. cV=9Y4u4ve8R1VrVBE2PKLRkc}
{"logTime": "0227/070139", "correlationVector":"9Y4u4ve8R1VrVBE2PKLRkc.1","action":"SyncServerConnectionManagerRequest", "result":"SYNC_SERVER_OK", "context":{"environment":"Prod_eastus2_prod-s01-050-nam-eastus2", "migrationStage":"NotStarted", "server":"akswtt11100003a"}}
{"logTime": "0227/070139", "correlationVector":"9Y4u4ve8R1VrVBE2PKLRkc.2","action":"ProcessGetUpdates", "result":"Done", "context":{"dataType":"Passwords", "deleted":"0", "process_failed_to_decrypt":"0", "process_pending_decryption":"0", "process_success":"4", "total":"4"}}
{"logTime": "0227/070139", "correlationVector":"9Y4u4ve8R1VrVBE2PKLRkc.3","action":"GetUpdates Response", "result":"Success", "context":Received 4 update(s). cV=9Y4u4ve8R1VrVBE2PKLRkc.0;server=akswtt11100003a;cloudType=Consumer;environment=Prod_eastus2_prod-s01-050-nam-eastus2;migrationStage=NotStarted}
{"logTime": "0227/070139", "correlationVector":"P9q7udXNFmGKqMYJi7xpxM","action":"Normal GetUpdate request", "result":"", "context":cV=P9q7udXNFmGKqMYJi7xpxM
Refresh requested types: Bookmarks, Preferences, Passwords, Autofill Profiles, Autofill, Extensions, Sessions, Extension settings, History Delete Directives, Device Info, User Consents, Send Tab To Self, Web Apps, History, Saved Tab Group, WebAuthn Credentials, Collection, Edge E Drop, Edge Hub App Usage, Edge Wallet, Edge Workspace, Encryption Keys}
{"logTime": "0227/070140", "correlationVector":"P9q7udXNFmGKqMYJi7xpxM.1","action":"SyncServerConnectionManagerRequest", "result":"SYNC_SERVER_OK", "context":{"environment":"Prod_eastus2_prod-s01-050-nam-eastus2", "migrationStage":"NotStarted", "server":"akswtt11100000h"}}
{"logTime": "0227/070140", "correlationVector":"P9q7udXNFmGKqMYJi7xpxM.2","action":"GetUpdates Response", "result":"Success", "context":Received 0 update(s). cV=P9q7udXNFmGKqMYJi7xpxM.0;server=akswtt11100000h;cloudType=Consumer;environment=Prod_eastus2_prod-s01-050-nam-eastus2;migrationStage=NotStarted}
{"logTime": "0227/070140", "correlationVector":"sYRIoKhQLgAtZ//EGVbqf9","action":"Commit Request", "result":"", "context":Item count: 2
Contributing types: Preferences, Passwords}
{"logTime": "0227/070141", "correlationVector":"sYRIoKhQLgAtZ//EGVbqf9.1","action":"SyncServerConnectionManagerRequest", "result":"SYNC_SERVER_OK", "context":{"environment":"Prod_eastus2_prod-s01-050-nam-eastus2", "migrationStage":"NotStarted", "server":"akswtt111000033"}}
{"logTime": "0227/070141", "correlationVector":"sYRIoKhQLgAtZ//EGVbqf9.2","action":"Commit Response", "result":"Success", "context":Result: Success. cV=sYRIoKhQLgAtZ//EGVbqf9.0;server=akswtt111000033;cloudType=Consumer;environment=Prod_eastus2_prod-s01-050-nam-eastus2;migrationStage=NotStarted}
{"logTime": "0227/070340", "correlationVector":"QBXNN1M2Epbwoc41MRr0X5","action":"Commit Request", "result":"", "context":Item count: 3
Contributing types: Sessions, History}
{"logTime": "0227/070340", "correlationVector":"QBXNN1M2Epbwoc41MRr0X5.1","action":"SyncServerConnectionManagerRequest", "result":"SYNC_SERVER_OK", "context":{"environment":"Prod_eastus2_prod-s01-050-nam-eastus2", "migrationStage":"NotStarted", "server":"akswtt11100000k"}}
{"logTime": "0227/070340", "correlationVector":"QBXNN1M2Epbwoc41MRr0X5.2","action":"Commit Response", "result":"Success", "context":Result: Success. cV=QBXNN1M2Epbwoc41MRr0X5.0;server=akswtt11100000k;cloudType=Consumer;environment=Prod_eastus2_prod-s01-050-nam-eastus2;migrationStage=NotStarted}
