2026-02-27 06:57:41.650: [INFO][Sync] Reset engine, reason: 8
2026-02-27 06:57:41.650: [INFO][Sync] Stopped: Bookmarks
2026-02-27 06:57:41.650: [INFO][Sync] Stopped: Preferences
2026-02-27 06:57:41.650: [INFO][Sync] Stopped: Passwords
2026-02-27 06:57:41.650: [INFO][Sync] Stopped: Autofill Profiles
2026-02-27 06:57:41.650: [INFO][Sync] Stopped: Autofill
2026-02-27 06:57:41.650: [INFO][Sync] Stopped: Extensions
2026-02-27 06:57:41.650: [INFO][Sync] Stopped: Sessions
2026-02-27 06:57:41.650: [INFO][Sync] Stopped: Extension settings
2026-02-27 06:57:41.650: [INFO][Sync] Stopped: History Delete Directives
2026-02-27 06:57:41.650: [INFO][Sync] Stopped: Device Info
2026-02-27 06:57:41.650: [INFO][Sync] Stopped: User Consents
2026-02-27 06:57:41.650: [INFO][Sync] Stopped: Send Tab To Self
2026-02-27 06:57:41.650: [INFO][Sync] Stopped: Web Apps
2026-02-27 06:57:41.650: [INFO][Sync] Stopped: History
2026-02-27 06:57:41.650: [INFO][Sync] Stopped: Saved Tab Group
2026-02-27 06:57:41.650: [INFO][Sync] Stopped: WebAuthn Credentials
2026-02-27 06:57:41.650: [INFO][Sync] Stopped: Collection
2026-02-27 06:57:41.650: [INFO][Sync] Stopped: Edge E Drop
2026-02-27 06:57:41.650: [INFO][Sync] Stopped: Edge Hub App Usage
2026-02-27 06:57:41.650: [INFO][Sync] Stopped: Edge Wallet
2026-02-27 06:57:41.650: [INFO][Sync] Stopped: Edge Workspace
2026-02-27 06:57:41.651: [INFO][Sync] SyncState after authenticated was: NotSignedIn
2026-02-27 06:57:41.910: [INFO][Sync] Reset engine, reason: 8
2026-02-27 06:57:41.910: [INFO][Sync] Stopped: Bookmarks
2026-02-27 06:57:41.910: [INFO][Sync] Stopped: Preferences
2026-02-27 06:57:41.910: [INFO][Sync] Stopped: Passwords
2026-02-27 06:57:41.910: [INFO][Sync] Stopped: Autofill Profiles
2026-02-27 06:57:41.910: [INFO][Sync] Stopped: Autofill
2026-02-27 06:57:41.910: [INFO][Sync] Stopped: Extensions
2026-02-27 06:57:41.910: [INFO][Sync] Stopped: Sessions
2026-02-27 06:57:41.910: [INFO][Sync] Stopped: Extension settings
2026-02-27 06:57:41.910: [INFO][Sync] Stopped: History Delete Directives
2026-02-27 06:57:41.910: [INFO][Sync] Stopped: Device Info
2026-02-27 06:57:41.910: [INFO][Sync] Stopped: User Consents
2026-02-27 06:57:41.910: [INFO][Sync] Stopped: Send Tab To Self
2026-02-27 06:57:41.910: [INFO][Sync] Stopped: Web Apps
2026-02-27 06:57:41.910: [INFO][Sync] Stopped: History
2026-02-27 06:57:41.910: [INFO][Sync] Stopped: Saved Tab Group
2026-02-27 06:57:41.910: [INFO][Sync] Stopped: WebAuthn Credentials
2026-02-27 06:57:41.910: [INFO][Sync] Stopped: Collection
2026-02-27 06:57:41.910: [INFO][Sync] Stopped: Edge E Drop
2026-02-27 06:57:41.910: [INFO][Sync] Stopped: Edge Hub App Usage
2026-02-27 06:57:41.910: [INFO][Sync] Stopped: Edge Wallet
2026-02-27 06:57:41.910: [INFO][Sync] Stopped: Edge Workspace
2026-02-27 06:57:42.741: [INFO][Sync] Try to start sync engine
2026-02-27 06:57:42.742: [INFO][SyncManagerImpl::NudgeForInitialDownload] Initial download nudge for Encryption Keys
2026-02-27 06:57:42.742: [INFO][SyncEngineBackend::LoadAndConnectNigoriController] Load and connect Nigori controller
2026-02-27 06:57:42.742: [INFO][SyncEngineBackend::DoInitialize] Control Types added: Encryption Keys
2026-02-27 06:57:42.742: [INFO][SyncManagerImpl::ConfigureSyncer] Types to download: Encryption Keys with reason: 3
2026-02-27 06:57:42.742: [INFO][SyncSchedulerImpl::DoConfigurationSyncCycleJob] Configure job was blocked
2026-02-27 06:57:42.778: [INFO][SyncAuthManager::SetLastAuthError] Current auth error: None
2026-02-27 06:57:42.778: [INFO][SyncAuthManager::EdgeLogTokenErrorState] Token error with: None for account type: MSA
2026-02-27 06:57:42.778: [INFO][Sync] Credentials changed for: EdgeSyncScopeNew
2026-02-27 06:57:42.954: [INFO][SyncAuthManager::SetLastAuthError] Current auth error: None
2026-02-27 06:57:42.954: [INFO][SyncAuthManager::EdgeLogTokenErrorState] Token error with: None for account type: MSA
2026-02-27 06:57:42.954: [INFO][Sync] Credentials changed for: EdgeSyncKeyDataScope
2026-02-27 06:57:42.954: [INFO][SyncEngineBackend::DoUpdateKeyDataCredentials] Update key data credentials
2026-02-27 06:57:42.954: [INFO][SyncEngineBackend::DoUpdateCredentials] Update credentials
2026-02-27 06:57:42.954: [INFO][SyncSchedulerImpl::DoConfigurationSyncCycleJob] Blocked types:  and types to download: Encryption Keys
2026-02-27 06:57:43.260: [INFO][Sync] Started DataTypeManager configuration, reason: 4
2026-02-27 06:57:43.260: [INFO][Sync] Configuring for: Bookmarks, Preferences, Passwords, Autofill Profiles, Autofill, Extensions, Sessions, Extension settings, History Delete Directives, Device Info, User Consents, Send Tab To Self, Web Apps, History, Saved Tab Group, WebAuthn Credentials, Collection, Edge E Drop, Edge Hub App Usage, Edge Wallet, Edge Workspace, Encryption Keys, reason: 3, current state: 0
2026-02-27 06:57:43.260: [WARN][Sync] Crypto error data types: Passwords, Autofill Profiles, Autofill
2026-02-27 06:57:43.261: [INFO][Sync] Configure, desired: Bookmarks, Preferences, Extensions, Sessions, Extension settings, History Delete Directives, Device Info, User Consents, Send Tab To Self, Web Apps, History, Saved Tab Group, WebAuthn Credentials, Collection, Edge E Drop, Edge Hub App Usage, Edge Wallet, Edge Workspace, Encryption Keys; Allow fail: Passwords, Autofill Profiles, Autofill
2026-02-27 06:57:43.261: [INFO][Sync] Loading: Bookmarks
2026-02-27 06:57:43.262: [INFO][Sync] Loading: Preferences
2026-02-27 06:57:43.262: [INFO][Sync] Loading: Extensions
2026-02-27 06:57:43.262: [INFO][Sync] Loading: Sessions
2026-02-27 06:57:43.262: [INFO][Sync] Loading: Extension settings
2026-02-27 06:57:43.262: [INFO][Sync] Loading: History Delete Directives
2026-02-27 06:57:43.262: [INFO][Sync] Loading: Device Info
2026-02-27 06:57:43.262: [INFO][Sync] Loading: User Consents
2026-02-27 06:57:43.262: [INFO][Sync] Loading: Send Tab To Self
2026-02-27 06:57:43.262: [INFO][Sync] Loading: Web Apps
2026-02-27 06:57:43.262: [INFO][Sync] Loading: History
2026-02-27 06:57:43.262: [INFO][Sync] Loading: Saved Tab Group
2026-02-27 06:57:43.262: [INFO][Sync] Loading: WebAuthn Credentials
2026-02-27 06:57:43.262: [INFO][Sync] Loading: Collection
2026-02-27 06:57:43.262: [INFO][Sync] Loading: Edge E Drop
2026-02-27 06:57:43.262: [INFO][Sync] Loading: Edge Hub App Usage
2026-02-27 06:57:43.262: [INFO][Sync] Loading: Edge Wallet
2026-02-27 06:57:43.262: [INFO][Sync] Loading: Edge Workspace
2026-02-27 06:57:43.267: [INFO][Sync] All data types are ready for configure.
2026-02-27 06:57:43.683: [INFO][Sync] Started DataTypeManager configuration, reason: 5
2026-02-27 06:57:43.683: [INFO][Sync] Configuring for: Bookmarks, Preferences, Passwords, Autofill Profiles, Autofill, Extensions, Sessions, Extension settings, History Delete Directives, Device Info, User Consents, Send Tab To Self, Web Apps, History, Saved Tab Group, WebAuthn Credentials, Collection, Edge E Drop, Edge Hub App Usage, Edge Wallet, Edge Workspace, Encryption Keys, reason: 5, current state: 1
2026-02-27 06:57:43.688: [INFO][SyncEngineBackend::DoStartConfiguration] Start configuration
2026-02-27 06:57:43.688: [INFO][SyncManagerImpl::NudgeForInitialDownload] Initial download nudge for Bookmarks
2026-02-27 06:57:43.688: [INFO][SyncManagerImpl::NudgeForInitialDownload] Initial download nudge for Preferences
2026-02-27 06:57:43.688: [INFO][SyncManagerImpl::NudgeForInitialDownload] Initial download nudge for Extensions
2026-02-27 06:57:43.688: [INFO][SyncManagerImpl::NudgeForInitialDownload] Initial download nudge for Sessions
2026-02-27 06:57:43.688: [INFO][SyncManagerImpl::NudgeForInitialDownload] Initial download nudge for Extension settings
2026-02-27 06:57:43.688: [INFO][SyncManagerImpl::NudgeForInitialDownload] Initial download nudge for History Delete Directives
2026-02-27 06:57:43.688: [INFO][SyncManagerImpl::NudgeForInitialDownload] Initial download nudge for Device Info
2026-02-27 06:57:43.688: [INFO][SyncManagerImpl::NudgeForInitialDownload] Initial download nudge for Send Tab To Self
2026-02-27 06:57:43.688: [INFO][SyncManagerImpl::NudgeForInitialDownload] Initial download nudge for Web Apps
2026-02-27 06:57:43.688: [INFO][SyncManagerImpl::NudgeForInitialDownload] Initial download nudge for History
2026-02-27 06:57:43.688: [INFO][SyncManagerImpl::NudgeForInitialDownload] Initial download nudge for Saved Tab Group
2026-02-27 06:57:43.688: [INFO][SyncManagerImpl::NudgeForInitialDownload] Initial download nudge for WebAuthn Credentials
2026-02-27 06:57:43.689: [INFO][SyncManagerImpl::NudgeForInitialDownload] Initial download nudge for Collection
2026-02-27 06:57:43.689: [INFO][SyncManagerImpl::NudgeForInitialDownload] Initial download nudge for Edge E Drop
2026-02-27 06:57:43.689: [INFO][SyncManagerImpl::NudgeForInitialDownload] Initial download nudge for Edge Hub App Usage
2026-02-27 06:57:43.689: [INFO][SyncManagerImpl::NudgeForInitialDownload] Initial download nudge for Edge Wallet
2026-02-27 06:57:43.689: [INFO][SyncManagerImpl::NudgeForInitialDownload] Initial download nudge for Edge Workspace
2026-02-27 06:57:43.689: [INFO][SyncManagerImpl::ConfigureSyncer] Types to download:  with reason: 3
2026-02-27 06:57:43.689: [INFO][SyncEngineBackend::DoFinishConfigureDataTypes] Failed to download types:  and succeeded types: 
2026-02-27 06:57:43.693: [INFO][Sync] ConfigurationDone, failed: , succeeded: , remaining count: 4
2026-02-27 06:57:43.693: [WARN][Sync]     Reconfigure requested while configuration ongoing.
2026-02-27 06:57:43.693: [INFO][Sync] Configuring for: Bookmarks, Preferences, Passwords, Autofill Profiles, Autofill, Extensions, Sessions, Extension settings, History Delete Directives, Device Info, User Consents, Send Tab To Self, Web Apps, History, Saved Tab Group, WebAuthn Credentials, Collection, Edge E Drop, Edge Hub App Usage, Edge Wallet, Edge Workspace, Encryption Keys, reason: 5, current state: 2
2026-02-27 06:57:43.693: [INFO][Sync] Configure, desired: Bookmarks, Preferences, Passwords, Autofill Profiles, Autofill, Extensions, Sessions, Extension settings, History Delete Directives, Device Info, User Consents, Send Tab To Self, Web Apps, History, Saved Tab Group, WebAuthn Credentials, Collection, Edge E Drop, Edge Hub App Usage, Edge Wallet, Edge Workspace, Encryption Keys; Allow fail: 
2026-02-27 06:57:43.693: [INFO][Sync] Loading: Passwords
2026-02-27 06:57:43.693: [INFO][Sync] Loading: Autofill Profiles
2026-02-27 06:57:43.693: [INFO][Sync] Loading: Autofill
2026-02-27 06:57:43.693: [INFO][Sync] All data types are ready for configure.
2026-02-27 06:57:43.693: [INFO][SyncManagerImpl::NudgeForInitialDownload] Initial download nudge for Passwords
2026-02-27 06:57:43.693: [INFO][SyncManagerImpl::NudgeForInitialDownload] Initial download nudge for Autofill Profiles
2026-02-27 06:57:43.693: [INFO][SyncManagerImpl::NudgeForInitialDownload] Initial download nudge for Autofill
2026-02-27 06:57:43.693: [INFO][SyncManagerImpl::ConfigureSyncer] Types to download:  with reason: 5
2026-02-27 06:57:43.693: [INFO][SyncEngineBackend::DoFinishConfigureDataTypes] Failed to download types:  and succeeded types: 
2026-02-27 06:57:43.694: [INFO][Sync] ConfigurationDone, failed: , succeeded: , remaining count: 4
2026-02-27 06:57:43.694: [INFO][Sync] Prepare to configure types: Preferences, Passwords, Device Info, Send Tab To Self, Edge E Drop, Encryption Keys
2026-02-27 06:57:43.694: [INFO][SyncManagerImpl::ConfigureSyncer] Types to download: Preferences, Passwords, Device Info, Send Tab To Self, Edge E Drop, Encryption Keys with reason: 5
2026-02-27 06:57:43.694: [INFO][SyncSchedulerImpl::DoConfigurationSyncCycleJob] Blocked types:  and types to download: Preferences, Passwords, Device Info, Send Tab To Self, Edge E Drop, Encryption Keys
2026-02-27 06:57:43.960: [INFO][SyncEngineBackend::DoFinishConfigureDataTypes] Failed to download types:  and succeeded types: Preferences, Passwords, Device Info, Send Tab To Self, Edge E Drop, Encryption Keys
2026-02-27 06:57:43.964: [INFO][Sync] ConfigurationDone, failed: , succeeded: Preferences, Passwords, Device Info, Send Tab To Self, Edge E Drop, Encryption Keys, remaining count: 3
2026-02-27 06:57:43.964: [INFO][Sync] Prepare to configure types: Bookmarks, Encryption Keys
2026-02-27 06:57:43.964: [INFO][SyncManagerImpl::ConfigureSyncer] Types to download: Bookmarks, Encryption Keys with reason: 5
2026-02-27 06:57:43.964: [INFO][SyncSchedulerImpl::DoConfigurationSyncCycleJob] Blocked types:  and types to download: Bookmarks, Encryption Keys
2026-02-27 06:57:44.150: [INFO][SyncEngineBackend::DoFinishConfigureDataTypes] Failed to download types:  and succeeded types: Bookmarks, Encryption Keys
2026-02-27 06:57:44.155: [INFO][Sync] ConfigurationDone, failed: , succeeded: Bookmarks, Encryption Keys, remaining count: 2
2026-02-27 06:57:44.155: [INFO][Sync] Prepare to configure types: Autofill Profiles, Autofill, Extensions, Sessions, Extension settings, History Delete Directives, Web Apps, Saved Tab Group, WebAuthn Credentials, Collection, Edge Hub App Usage, Edge Wallet, Edge Workspace, Encryption Keys
2026-02-27 06:57:44.155: [INFO][SyncManagerImpl::ConfigureSyncer] Types to download: Autofill Profiles, Autofill, Extensions, Sessions, Extension settings, History Delete Directives, Web Apps, Saved Tab Group, WebAuthn Credentials, Collection, Edge Hub App Usage, Edge Wallet, Edge Workspace, Encryption Keys with reason: 5
2026-02-27 06:57:44.155: [INFO][SyncSchedulerImpl::DoConfigurationSyncCycleJob] Blocked types:  and types to download: Autofill Profiles, Autofill, Extensions, Sessions, Extension settings, History Delete Directives, Web Apps, Saved Tab Group, WebAuthn Credentials, Collection, Edge Hub App Usage, Edge Wallet, Edge Workspace, Encryption Keys
2026-02-27 06:57:44.896: [INFO][SyncEngineBackend::DoFinishConfigureDataTypes] Failed to download types:  and succeeded types: Autofill Profiles, Autofill, Extensions, Sessions, Extension settings, History Delete Directives, Web Apps, Saved Tab Group, WebAuthn Credentials, Collection, Edge Hub App Usage, Edge Wallet, Edge Workspace, Encryption Keys
2026-02-27 06:57:44.898: [INFO][Sync] ConfigurationDone, failed: , succeeded: Autofill Profiles, Autofill, Extensions, Sessions, Extension settings, History Delete Directives, Web Apps, Saved Tab Group, WebAuthn Credentials, Collection, Edge Hub App Usage, Edge Wallet, Edge Workspace, Encryption Keys, remaining count: 1
2026-02-27 06:57:44.900: [INFO][Sync] Prepare to configure types: History, Encryption Keys
2026-02-27 06:57:44.900: [INFO][SyncManagerImpl::ConfigureSyncer] Types to download: History, Encryption Keys with reason: 5
2026-02-27 06:57:44.900: [INFO][SyncSchedulerImpl::DoConfigurationSyncCycleJob] Blocked types:  and types to download: History, Encryption Keys
2026-02-27 06:57:47.978: [INFO][SyncEngineBackend::DoFinishConfigureDataTypes] Failed to download types:  and succeeded types: History, Encryption Keys
2026-02-27 06:57:47.987: [INFO][Sync] ConfigurationDone, failed: , succeeded: History, Encryption Keys, remaining count: 0
2026-02-27 06:57:47.989: [INFO][Sync]     Configuration completed, state: 7
2026-02-27 06:57:47.989: [INFO][Sync] Configured DataTypeManager: Ok
2026-02-27 06:57:47.991: [INFO][SyncEngineBackend::DoStartSyncing] Start syncing
2026-02-27 06:58:53.137: [INFO][Sync] Reset engine, reason: 0
2026-02-27 06:58:53.137: [INFO][Sync] Reset engine with reason: 0
2026-02-27 06:59:30.165: [INFO][Sync] SyncState after authenticated was: FeatureCanStart
2026-02-27 06:59:30.460: [INFO][SyncAuthManager::SetLastAuthError] Current auth error: None
2026-02-27 06:59:30.460: [INFO][SyncAuthManager::EdgeLogTokenErrorState] Token error with: None for account type: MSA
2026-02-27 06:59:30.461: [INFO][Sync] Credentials changed for: EdgeSyncKeyDataScope
2026-02-27 06:59:36.278: [INFO][Sync] Try to start sync engine
2026-02-27 06:59:36.310: [INFO][SyncManagerImpl::NudgeForInitialDownload] Initial download nudge for Encryption Keys
2026-02-27 06:59:36.310: [INFO][SyncEngineBackend::LoadAndConnectNigoriController] Load and connect Nigori controller
2026-02-27 06:59:36.310: [INFO][SyncEngineBackend::DoInitialize] Control Types added: Encryption Keys
2026-02-27 06:59:36.310: [INFO][SyncManagerImpl::ConfigureSyncer] Types to download: Encryption Keys with reason: 3
2026-02-27 06:59:36.310: [INFO][SyncEngineBackend::DoUpdateKeyDataCredentials] Update key data credentials
2026-02-27 06:59:36.310: [INFO][SyncSchedulerImpl::DoConfigurationSyncCycleJob] Configure job was blocked
2026-02-27 06:59:36.313: [INFO][SyncAuthManager::SetLastAuthError] Current auth error: None
2026-02-27 06:59:36.313: [INFO][SyncAuthManager::EdgeLogTokenErrorState] Token error with: None for account type: MSA
2026-02-27 06:59:36.313: [INFO][Sync] Credentials changed for: EdgeSyncScopeNew
2026-02-27 06:59:36.313: [INFO][SyncEngineBackend::DoUpdateCredentials] Update credentials
2026-02-27 06:59:36.313: [INFO][SyncSchedulerImpl::DoConfigurationSyncCycleJob] Blocked types:  and types to download: Encryption Keys
2026-02-27 06:59:36.611: [INFO][SyncEngineBackend::DoUpdateKeyDataCredentials] Update key data credentials
2026-02-27 06:59:36.616: [INFO][Sync] Started DataTypeManager configuration, reason: 4
2026-02-27 06:59:36.616: [INFO][Sync] Configuring for: Bookmarks, Preferences, Passwords, Autofill Profiles, Autofill, Extensions, Sessions, Extension settings, History Delete Directives, Device Info, User Consents, Send Tab To Self, Web Apps, History, Saved Tab Group, WebAuthn Credentials, Collection, Edge E Drop, Edge Hub App Usage, Edge Wallet, Edge Workspace, Encryption Keys, reason: 4, current state: 0
2026-02-27 06:59:36.616: [WARN][Sync] Crypto error data types: Passwords, Autofill Profiles, Autofill
2026-02-27 06:59:36.617: [INFO][Sync] Configure, desired: Bookmarks, Preferences, Extensions, Sessions, Extension settings, History Delete Directives, Device Info, User Consents, Send Tab To Self, Web Apps, History, Saved Tab Group, WebAuthn Credentials, Collection, Edge E Drop, Edge Hub App Usage, Edge Wallet, Edge Workspace, Encryption Keys; Allow fail: Passwords, Autofill Profiles, Autofill
2026-02-27 06:59:36.617: [INFO][Sync] Loading: Bookmarks
2026-02-27 06:59:36.617: [INFO][Sync] Loading: Preferences
2026-02-27 06:59:36.617: [INFO][Sync] Loading: Extensions
2026-02-27 06:59:36.617: [INFO][Sync] Loading: Sessions
2026-02-27 06:59:36.617: [INFO][Sync] Loading: Extension settings
2026-02-27 06:59:36.617: [INFO][Sync] Loading: History Delete Directives
2026-02-27 06:59:36.617: [INFO][Sync] Loading: Device Info
2026-02-27 06:59:36.617: [INFO][Sync] Loading: User Consents
2026-02-27 06:59:36.617: [INFO][Sync] Loading: Send Tab To Self
2026-02-27 06:59:36.617: [INFO][Sync] Loading: Web Apps
2026-02-27 06:59:36.617: [INFO][Sync] Loading: History
2026-02-27 06:59:36.617: [INFO][Sync] Loading: Saved Tab Group
2026-02-27 06:59:36.617: [INFO][Sync] Loading: WebAuthn Credentials
2026-02-27 06:59:36.617: [INFO][Sync] Loading: Collection
2026-02-27 06:59:36.617: [INFO][Sync] Loading: Edge E Drop
2026-02-27 06:59:36.617: [INFO][Sync] Loading: Edge Hub App Usage
2026-02-27 06:59:36.617: [INFO][Sync] Loading: Edge Wallet
2026-02-27 06:59:36.617: [INFO][Sync] Loading: Edge Workspace
2026-02-27 06:59:36.619: [INFO][Sync] All data types are ready for configure.
2026-02-27 06:59:37.126: [INFO][Sync] Connection status changed to: 2
2026-02-27 06:59:37.126: [INFO][SyncEngineBackend::DoStartConfiguration] Start configuration
2026-02-27 06:59:37.126: [INFO][SyncManagerImpl::ConfigureSyncer] Types to download:  with reason: 4
2026-02-27 06:59:37.126: [INFO][SyncEngineBackend::DoFinishConfigureDataTypes] Failed to download types:  and succeeded types: 
2026-02-27 06:59:37.127: [INFO][Sync] ConfigurationDone, failed: , succeeded: , remaining count: 4
2026-02-27 06:59:37.127: [INFO][SyncManagerImpl::ConfigureSyncer] Types to download:  with reason: 4
2026-02-27 06:59:37.127: [INFO][SyncEngineBackend::DoFinishConfigureDataTypes] Failed to download types:  and succeeded types: 
2026-02-27 06:59:37.128: [INFO][Sync] ConfigurationDone, failed: , succeeded: , remaining count: 3
2026-02-27 06:59:37.128: [INFO][SyncManagerImpl::ConfigureSyncer] Types to download:  with reason: 4
2026-02-27 06:59:37.128: [INFO][SyncEngineBackend::DoFinishConfigureDataTypes] Failed to download types:  and succeeded types: 
2026-02-27 06:59:37.128: [INFO][Sync] ConfigurationDone, failed: , succeeded: , remaining count: 2
2026-02-27 06:59:37.128: [INFO][SyncManagerImpl::ConfigureSyncer] Types to download:  with reason: 4
2026-02-27 06:59:37.128: [INFO][SyncEngineBackend::DoFinishConfigureDataTypes] Failed to download types:  and succeeded types: 
2026-02-27 06:59:37.128: [INFO][Sync] ConfigurationDone, failed: , succeeded: , remaining count: 1
2026-02-27 06:59:37.130: [INFO][SyncManagerImpl::ConfigureSyncer] Types to download:  with reason: 4
2026-02-27 06:59:37.130: [INFO][SyncEngineBackend::DoFinishConfigureDataTypes] Failed to download types:  and succeeded types: 
2026-02-27 06:59:37.131: [INFO][Sync] ConfigurationDone, failed: , succeeded: , remaining count: 0
2026-02-27 06:59:37.133: [INFO][Sync]     Configuration completed, state: 3
2026-02-27 06:59:37.133: [INFO][Sync] Configured DataTypeManager: Ok
2026-02-27 06:59:37.134: [INFO][SyncEngineBackend::DoStartSyncing] Start syncing
2026-02-27 06:59:37.167: [INFO][SyncAuthManager::SetLastAuthError] Current auth error: None
2026-02-27 06:59:37.167: [INFO][SyncAuthManager::EdgeLogTokenErrorState] Token error with: None for account type: MSA
2026-02-27 06:59:37.168: [INFO][Sync] Credentials changed for: EdgeSyncKeyDataScope
2026-02-27 06:59:37.857: [INFO][SyncAuthManager::SetLastAuthError] Current auth error: None
2026-02-27 06:59:37.857: [INFO][SyncAuthManager::EdgeLogTokenErrorState] Token error with: None for account type: MSA
2026-02-27 06:59:37.857: [INFO][Sync] Credentials changed for: EdgeSyncScopeNew
2026-02-27 06:59:37.885: [INFO][SyncEngineBackend::DoUpdateKeyDataCredentials] Update key data credentials
2026-02-27 06:59:37.885: [INFO][Sync] Connection status changed to: 2
2026-02-27 06:59:37.885: [INFO][SyncEngineBackend::DoUpdateCredentials] Update credentials
2026-02-27 06:59:37.885: [INFO][SyncEngineBackend::DoUpdateKeyDataCredentials] Update key data credentials
2026-02-27 06:59:38.489: [INFO][Sync] Connection status changed to: 2
2026-02-27 06:59:39.571: [INFO][SyncAuthManager::SetLastAuthError] Current auth error: None
2026-02-27 06:59:39.571: [INFO][SyncAuthManager::EdgeLogTokenErrorState] Token error with: None for account type: MSA
2026-02-27 06:59:39.571: [INFO][Sync] Credentials changed for: EdgeSyncKeyDataScope
2026-02-27 06:59:39.571: [INFO][SyncEngineBackend::DoUpdateKeyDataCredentials] Update key data credentials
2026-02-27 06:59:39.824: [INFO][SyncAuthManager::SetLastAuthError] Current auth error: None
2026-02-27 06:59:39.824: [INFO][SyncAuthManager::EdgeLogTokenErrorState] Token error with: None for account type: MSA
2026-02-27 06:59:39.824: [INFO][Sync] Credentials changed for: EdgeSyncScopeNew
2026-02-27 06:59:39.824: [INFO][SyncEngineBackend::DoUpdateCredentials] Update credentials
2026-02-27 06:59:39.824: [INFO][SyncEngineBackend::DoUpdateKeyDataCredentials] Update key data credentials
2026-02-27 06:59:40.469: [INFO][Sync] Connection status changed to: 2
2026-02-27 06:59:44.375: [INFO][SyncAuthManager::SetLastAuthError] Current auth error: None
2026-02-27 06:59:44.375: [INFO][SyncAuthManager::EdgeLogTokenErrorState] Token error with: None for account type: MSA
2026-02-27 06:59:44.375: [INFO][Sync] Credentials changed for: EdgeSyncKeyDataScope
2026-02-27 06:59:44.375: [INFO][SyncEngineBackend::DoUpdateKeyDataCredentials] Update key data credentials
2026-02-27 06:59:44.398: [INFO][SyncAuthManager::SetLastAuthError] Current auth error: None
2026-02-27 06:59:44.398: [INFO][SyncAuthManager::EdgeLogTokenErrorState] Token error with: None for account type: MSA
2026-02-27 06:59:44.398: [INFO][Sync] Credentials changed for: EdgeSyncScopeNew
2026-02-27 06:59:44.398: [INFO][SyncEngineBackend::DoUpdateCredentials] Update credentials
2026-02-27 06:59:44.398: [INFO][SyncEngineBackend::DoUpdateKeyDataCredentials] Update key data credentials
2026-02-27 06:59:45.491: [INFO][Sync] Connection status changed to: 2
2026-02-27 06:59:52.902: [INFO][SyncAuthManager::SetLastAuthError] Current auth error: None
2026-02-27 06:59:52.902: [INFO][SyncAuthManager::EdgeLogTokenErrorState] Token error with: None for account type: MSA
2026-02-27 06:59:52.902: [INFO][Sync] Credentials changed for: EdgeSyncScopeNew
2026-02-27 06:59:53.487: [INFO][SyncAuthManager::SetLastAuthError] Current auth error: None
2026-02-27 06:59:53.487: [INFO][SyncAuthManager::EdgeLogTokenErrorState] Token error with: None for account type: MSA
2026-02-27 06:59:53.487: [INFO][Sync] Credentials changed for: EdgeSyncKeyDataScope
2026-02-27 06:59:53.487: [INFO][SyncEngineBackend::DoUpdateKeyDataCredentials] Update key data credentials
2026-02-27 06:59:53.487: [INFO][SyncEngineBackend::DoUpdateCredentials] Update credentials
2026-02-27 06:59:54.323: [INFO][Sync] Connection status changed to: 2
2026-02-27 07:00:07.294: [INFO][SyncAuthManager::SetLastAuthError] Current auth error: None
2026-02-27 07:00:07.294: [INFO][SyncAuthManager::EdgeLogTokenErrorState] Token error with: None for account type: MSA
2026-02-27 07:00:07.294: [INFO][Sync] Credentials changed for: EdgeSyncScopeNew
2026-02-27 07:00:08.630: [INFO][SyncAuthManager::SetLastAuthError] Current auth error: None
2026-02-27 07:00:08.630: [INFO][SyncAuthManager::EdgeLogTokenErrorState] Token error with: None for account type: MSA
2026-02-27 07:00:08.630: [INFO][Sync] Credentials changed for: EdgeSyncKeyDataScope
2026-02-27 07:00:08.630: [INFO][SyncEngineBackend::DoUpdateKeyDataCredentials] Update key data credentials
2026-02-27 07:00:08.630: [INFO][SyncEngineBackend::DoUpdateCredentials] Update credentials
2026-02-27 07:00:09.834: [INFO][Sync] Connection status changed to: 2
2026-02-27 07:00:36.656: [INFO][SyncAuthManager::SetLastAuthError] Current auth error: None
2026-02-27 07:00:36.656: [INFO][SyncAuthManager::EdgeLogTokenErrorState] Token error with: None for account type: MSA
2026-02-27 07:00:36.656: [INFO][Sync] Credentials changed for: EdgeSyncKeyDataScope
2026-02-27 07:00:36.656: [INFO][SyncEngineBackend::DoUpdateKeyDataCredentials] Update key data credentials
2026-02-27 07:00:36.912: [INFO][SyncAuthManager::SetLastAuthError] Current auth error: None
2026-02-27 07:00:36.912: [INFO][SyncAuthManager::EdgeLogTokenErrorState] Token error with: None for account type: MSA
2026-02-27 07:00:36.912: [INFO][Sync] Credentials changed for: EdgeSyncScopeNew
2026-02-27 07:00:36.912: [INFO][SyncEngineBackend::DoUpdateCredentials] Update credentials
2026-02-27 07:00:36.912: [INFO][SyncEngineBackend::DoUpdateKeyDataCredentials] Update key data credentials
2026-02-27 07:00:37.887: [INFO][Sync] Connection status changed to: 2
2026-02-27 07:01:30.450: [INFO][SyncAuthManager::SetLastAuthError] Current auth error: None
2026-02-27 07:01:30.450: [INFO][SyncAuthManager::EdgeLogTokenErrorState] Token error with: None for account type: MSA
2026-02-27 07:01:30.450: [INFO][Sync] Credentials changed for: EdgeSyncScopeNew
2026-02-27 07:01:38.767: [INFO][SyncAuthManager::SetLastAuthError] Current auth error: None
2026-02-27 07:01:38.767: [INFO][SyncAuthManager::EdgeLogTokenErrorState] Token error with: None for account type: MSA
2026-02-27 07:01:38.767: [INFO][Sync] Credentials changed for: EdgeSyncKeyDataScope
2026-02-27 07:01:38.767: [INFO][SyncEngineBackend::DoUpdateKeyDataCredentials] Update key data credentials
2026-02-27 07:01:38.767: [INFO][SyncEngineBackend::DoUpdateCredentials] Update credentials
2026-02-27 07:01:39.818: [INFO][Sync] Started DataTypeManager configuration, reason: 5
2026-02-27 07:01:39.818: [INFO][Sync] Configuring for: Bookmarks, Preferences, Passwords, Autofill Profiles, Autofill, Extensions, Sessions, Extension settings, History Delete Directives, Device Info, User Consents, Send Tab To Self, Web Apps, History, Saved Tab Group, WebAuthn Credentials, Collection, Edge E Drop, Edge Hub App Usage, Edge Wallet, Edge Workspace, Encryption Keys, reason: 5, current state: 3
2026-02-27 07:01:39.819: [INFO][Sync] Configure, desired: Bookmarks, Preferences, Passwords, Autofill Profiles, Autofill, Extensions, Sessions, Extension settings, History Delete Directives, Device Info, User Consents, Send Tab To Self, Web Apps, History, Saved Tab Group, WebAuthn Credentials, Collection, Edge E Drop, Edge Hub App Usage, Edge Wallet, Edge Workspace, Encryption Keys; Allow fail: 
2026-02-27 07:01:39.819: [INFO][Sync] Loading: Passwords
2026-02-27 07:01:39.819: [INFO][Sync] Loading: Autofill Profiles
2026-02-27 07:01:39.819: [INFO][Sync] Loading: Autofill
2026-02-27 07:01:39.820: [INFO][Sync] All data types are ready for configure.
2026-02-27 07:01:39.822: [INFO][SyncEngineBackend::DoStartConfiguration] Start configuration
2026-02-27 07:01:39.822: [INFO][SyncManagerImpl::NudgeForInitialDownload] Initial download nudge for Passwords
2026-02-27 07:01:39.822: [INFO][SyncManagerImpl::ConfigureSyncer] Types to download:  with reason: 5
2026-02-27 07:01:39.822: [INFO][SyncEngineBackend::DoFinishConfigureDataTypes] Failed to download types:  and succeeded types: 
2026-02-27 07:01:39.822: [INFO][Sync] ConfigurationDone, failed: , succeeded: , remaining count: 4
2026-02-27 07:01:39.822: [INFO][Sync] Prepare to configure types: Passwords, Encryption Keys
2026-02-27 07:01:39.822: [INFO][SyncManagerImpl::ConfigureSyncer] Types to download: Passwords, Encryption Keys with reason: 5
2026-02-27 07:01:39.822: [INFO][SyncSchedulerImpl::DoConfigurationSyncCycleJob] Blocked types:  and types to download: Passwords, Encryption Keys
2026-02-27 07:01:39.986: [INFO][SyncEngineBackend::DoFinishConfigureDataTypes] Failed to download types:  and succeeded types: Passwords, Encryption Keys
2026-02-27 07:01:39.987: [INFO][Sync] ConfigurationDone, failed: , succeeded: Passwords, Encryption Keys, remaining count: 3
2026-02-27 07:01:39.987: [INFO][SyncManagerImpl::ConfigureSyncer] Types to download:  with reason: 5
2026-02-27 07:01:39.987: [INFO][SyncEngineBackend::DoFinishConfigureDataTypes] Failed to download types:  and succeeded types: 
2026-02-27 07:01:39.988: [INFO][Sync] ConfigurationDone, failed: , succeeded: , remaining count: 2
2026-02-27 07:01:39.988: [INFO][SyncManagerImpl::ConfigureSyncer] Types to download:  with reason: 5
2026-02-27 07:01:39.988: [INFO][SyncEngineBackend::DoFinishConfigureDataTypes] Failed to download types:  and succeeded types: 
2026-02-27 07:01:39.990: [INFO][Sync] ConfigurationDone, failed: , succeeded: , remaining count: 1
2026-02-27 07:01:39.991: [INFO][SyncManagerImpl::ConfigureSyncer] Types to download:  with reason: 5
2026-02-27 07:01:39.991: [INFO][SyncEngineBackend::DoFinishConfigureDataTypes] Failed to download types:  and succeeded types: 
2026-02-27 07:01:39.991: [INFO][Sync] ConfigurationDone, failed: , succeeded: , remaining count: 0
2026-02-27 07:01:39.992: [INFO][Sync]     Configuration completed, state: 3
2026-02-27 07:01:39.992: [INFO][Sync] Configured DataTypeManager: Ok
2026-02-27 07:01:39.993: [INFO][SyncEngineBackend::DoStartSyncing] Start syncing
2026-02-27 07:03:52.163: [INFO][Sync] Reset engine, reason: 0
2026-02-27 07:03:52.163: [INFO][Sync] Reset engine with reason: 0
